<?xml version="1.0" encoding="UTF-8"?>
<!-- Generated by org.testng.reporters.JUnitXMLReporter -->
<testsuite ignored="0" hostname="Amits-Air.domain.name" failures="0" tests="5" name="Default test" time="10.145" errors="0" timestamp="2024-09-13T21:34:26 IST">
  <testcase classname="sampleRequest.GORESTAPI" name="getAllUsers" time="3.532"/>
  <testcase classname="sampleRequest.GORESTAPI" name="createUser" time="2.527"/>
  <testcase classname="sampleRequest.GORESTAPI" name="getUser" time="1.342"/>
  <testcase classname="sampleRequest.GORESTAPI" name="updateUser" time="1.098"/>
  <testcase classname="sampleRequest.GORESTAPI" name="deleteUser" time="0.815"/>
</testsuite> <!-- Default test -->
