<?xml version="1.0" encoding="UTF-8"?>
<!-- Generated by org.testng.reporters.JUnitXMLReporter -->
<testsuite hostname="DESKTOP-PONJFP7" ignored="0" name="Test" tests="4" failures="0" timestamp="01 Oct 2021 16:21:01 GMT" time="5.379" errors="0">
  <testcase name="getToken" time="3.096" classname="sampleRequest.getRequestTest"/>
  <testcase name="createUser" time="1.081" classname="sampleRequest.getRequestTest"/>
  <testcase name="getUser" time="0.434" classname="sampleRequest.getRequestTest"/>
  <testcase name="updatUser" time="0.694" classname="sampleRequest.getRequestTest"/>
</testsuite> <!-- Test -->
