<?xml version="1.0" encoding="UTF-8"?>
<testng-results skipped="0" failed="0" ignored="0" total="4" passed="4">
  <reporter-output>
  </reporter-output>
  <suite name="Suite" duration-ms="5379" started-at="2021-10-01T16:20:55Z" finished-at="2021-10-01T16:21:01Z">
    <groups>
    </groups>
    <test name="Test" duration-ms="5379" started-at="2021-10-01T16:20:55Z" finished-at="2021-10-01T16:21:01Z">
      <class name="sampleRequest.getRequestTest">
        <test-method status="PASS" signature="getToken()[pri:1, instance:sampleRequest.getRequestTest@f6c48ac]" name="getToken" duration-ms="3096" started-at="2021-10-01T16:20:55Z" finished-at="2021-10-01T16:20:58Z">
          <reporter-output>
          </reporter-output>
        </test-method> <!-- getToken -->
        <test-method status="PASS" signature="createUser()[pri:2, instance:sampleRequest.getRequestTest@f6c48ac]" name="createUser" duration-ms="1081" started-at="2021-10-01T16:20:58Z" finished-at="2021-10-01T16:21:00Z">
          <reporter-output>
          </reporter-output>
        </test-method> <!-- createUser -->
        <test-method status="PASS" signature="getUser()[pri:3, instance:sampleRequest.getRequestTest@f6c48ac]" name="getUser" duration-ms="434" started-at="2021-10-01T16:21:00Z" finished-at="2021-10-01T16:21:00Z">
          <reporter-output>
          </reporter-output>
        </test-method> <!-- getUser -->
        <test-method status="PASS" signature="updatUser()[pri:3, instance:sampleRequest.getRequestTest@f6c48ac]" name="updatUser" duration-ms="694" started-at="2021-10-01T16:21:00Z" finished-at="2021-10-01T16:21:01Z">
          <reporter-output>
          </reporter-output>
        </test-method> <!-- updatUser -->
      </class> <!-- sampleRequest.getRequestTest -->
    </test> <!-- Test -->
  </suite> <!-- Suite -->
</testng-results>
